<?xml version="1.0" encoding="UTF-8"?>
<!-- Generated by org.testng.reporters.JUnitXMLReporter -->
<testsuite hostname="MYITHW000038" ignored="0" name="Test" tests="4" failures="0" timestamp="13 Aug 2018 07:12:59 GMT" time="0.848" errors="0">
  <testcase name="createExcel" time="0.573" classname="Testing.Testing.Testing"/>
  <testcase name="readExcel" time="0.121" classname="Testing.Testing.Testing"/>
  <testcase name="updateExcel" time="0.048" classname="Testing.Testing.Testing"/>
  <testcase name="AddDataToExcel" time="0.056" classname="Testing.Testing.Testing"/>
</testsuite> <!-- Test -->
