<?xml version="1.0" encoding="UTF-8"?>
<!-- Generated by org.testng.reporters.JUnitXMLReporter -->
<testsuite hostname="MYITHW000038" ignored="0" name="Test" tests="4" failures="0" timestamp="13 Aug 2018 09:32:12 GMT" time="0.873" errors="0">
  <testcase name="createExcel" time="0.563" classname="Testing.Testing.Testing"/>
  <testcase name="readExcel" time="0.111" classname="Testing.Testing.Testing"/>
  <testcase name="updateExcel" time="0.063" classname="Testing.Testing.Testing"/>
  <testcase name="appendDataToExcel" time="0.11" classname="Testing.Testing.Testing"/>
</testsuite> <!-- Test -->
