<?xml version="1.0" encoding="UTF-8"?>
<!-- Generated by org.testng.reporters.JUnitXMLReporter -->
<testsuite hostname="MYITHW000038" ignored="0" name="Test" tests="5" failures="0" timestamp="06 Sep 2018 10:28:40 GMT" time="1.143" errors="0">
  <testcase name="createExcel" time="0.572" classname="Testing.Testing.Testing"/>
  <testcase name="readExcel" time="0.117" classname="Testing.Testing.Testing"/>
  <testcase name="updateExcel" time="0.059" classname="Testing.Testing.Testing"/>
  <testcase name="appendDataToExcel" time="0.096" classname="Testing.Testing.Testing"/>
  <testcase name="dbConnection" time="0.272" classname="com.jdbc.MySqlConnection"/>
</testsuite> <!-- Test -->
