<?xml version="1.0" encoding="UTF-8"?>
<testng-results skipped="0" failed="0" ignored="0" total="5" passed="5">
  <reporter-output>
  </reporter-output>
  <suite name="Suite" duration-ms="1143" started-at="2018-09-06T10:28:39Z" finished-at="2018-09-06T10:28:40Z">
    <groups>
    </groups>
    <test name="Test" duration-ms="1143" started-at="2018-09-06T10:28:39Z" finished-at="2018-09-06T10:28:40Z">
      <class name="com.jdbc.MySqlConnection">
        <test-method status="PASS" signature="dbConnection()[pri:0, instance:com.jdbc.MySqlConnection@7a0ac6e3]" name="dbConnection" duration-ms="272" started-at="2018-09-06T10:28:40Z" finished-at="2018-09-06T10:28:40Z">
          <reporter-output>
          </reporter-output>
        </test-method> <!-- dbConnection -->
      </class> <!-- com.jdbc.MySqlConnection -->
      <class name="Testing.Testing.Testing">
        <test-method status="PASS" signature="createExcel()[pri:0, instance:Testing.Testing.Testing@7e0ea639]" name="createExcel" duration-ms="572" started-at="2018-09-06T10:28:39Z" finished-at="2018-09-06T10:28:39Z">
          <reporter-output>
          </reporter-output>
        </test-method> <!-- createExcel -->
        <test-method status="PASS" signature="readExcel()[pri:0, instance:Testing.Testing.Testing@7e0ea639]" name="readExcel" duration-ms="117" started-at="2018-09-06T10:28:39Z" finished-at="2018-09-06T10:28:40Z">
          <reporter-output>
          </reporter-output>
        </test-method> <!-- readExcel -->
        <test-method status="PASS" signature="updateExcel()[pri:0, instance:Testing.Testing.Testing@7e0ea639]" name="updateExcel" duration-ms="59" started-at="2018-09-06T10:28:40Z" finished-at="2018-09-06T10:28:40Z">
          <reporter-output>
          </reporter-output>
        </test-method> <!-- updateExcel -->
        <test-method status="PASS" signature="appendDataToExcel()[pri:0, instance:Testing.Testing.Testing@7e0ea639]" name="appendDataToExcel" duration-ms="96" started-at="2018-09-06T10:28:40Z" finished-at="2018-09-06T10:28:40Z">
          <reporter-output>
          </reporter-output>
        </test-method> <!-- appendDataToExcel -->
      </class> <!-- Testing.Testing.Testing -->
    </test> <!-- Test -->
  </suite> <!-- Suite -->
</testng-results>
