<?xml version="1.0" encoding="UTF-8"?>
<testng-results skipped="0" failed="0" ignored="0" total="4" passed="4">
  <reporter-output>
  </reporter-output>
  <suite name="Suite" duration-ms="873" started-at="2018-08-13T09:32:11Z" finished-at="2018-08-13T09:32:12Z">
    <groups>
    </groups>
    <test name="Test" duration-ms="873" started-at="2018-08-13T09:32:11Z" finished-at="2018-08-13T09:32:12Z">
      <class name="Testing.Testing.Testing">
        <test-method status="PASS" signature="createExcel()[pri:0, instance:Testing.Testing.Testing@30c7da1e]" name="createExcel" duration-ms="563" started-at="2018-08-13T09:32:11Z" finished-at="2018-08-13T09:32:11Z">
          <reporter-output>
          </reporter-output>
        </test-method> <!-- createExcel -->
        <test-method status="PASS" signature="readExcel()[pri:0, instance:Testing.Testing.Testing@30c7da1e]" name="readExcel" duration-ms="111" started-at="2018-08-13T09:32:11Z" finished-at="2018-08-13T09:32:11Z">
          <reporter-output>
          </reporter-output>
        </test-method> <!-- readExcel -->
        <test-method status="PASS" signature="updateExcel()[pri:0, instance:Testing.Testing.Testing@30c7da1e]" name="updateExcel" duration-ms="63" started-at="2018-08-13T09:32:11Z" finished-at="2018-08-13T09:32:11Z">
          <reporter-output>
          </reporter-output>
        </test-method> <!-- updateExcel -->
        <test-method status="PASS" signature="appendDataToExcel()[pri:0, instance:Testing.Testing.Testing@30c7da1e]" name="appendDataToExcel" duration-ms="110" started-at="2018-08-13T09:32:11Z" finished-at="2018-08-13T09:32:12Z">
          <reporter-output>
          </reporter-output>
        </test-method> <!-- appendDataToExcel -->
      </class> <!-- Testing.Testing.Testing -->
    </test> <!-- Test -->
  </suite> <!-- Suite -->
</testng-results>
