<?xml version="1.0" encoding="UTF-8"?>
<testng-results skipped="0" failed="0" ignored="0" total="4" passed="4">
  <reporter-output>
  </reporter-output>
  <suite name="Suite" duration-ms="848" started-at="2018-08-13T07:12:58Z" finished-at="2018-08-13T07:12:59Z">
    <groups>
    </groups>
    <test name="Test" duration-ms="848" started-at="2018-08-13T07:12:58Z" finished-at="2018-08-13T07:12:59Z">
      <class name="Testing.Testing.Testing">
        <test-method status="PASS" signature="createExcel()[pri:0, instance:Testing.Testing.Testing@1d057a39]" name="createExcel" duration-ms="573" started-at="2018-08-13T07:12:58Z" finished-at="2018-08-13T07:12:59Z">
          <reporter-output>
          </reporter-output>
        </test-method> <!-- createExcel -->
        <test-method status="PASS" signature="readExcel()[pri:0, instance:Testing.Testing.Testing@1d057a39]" name="readExcel" duration-ms="121" started-at="2018-08-13T07:12:59Z" finished-at="2018-08-13T07:12:59Z">
          <reporter-output>
          </reporter-output>
        </test-method> <!-- readExcel -->
        <test-method status="PASS" signature="updateExcel()[pri:0, instance:Testing.Testing.Testing@1d057a39]" name="updateExcel" duration-ms="48" started-at="2018-08-13T07:12:59Z" finished-at="2018-08-13T07:12:59Z">
          <reporter-output>
          </reporter-output>
        </test-method> <!-- updateExcel -->
        <test-method status="PASS" signature="AddDataToExcel()[pri:0, instance:Testing.Testing.Testing@1d057a39]" name="AddDataToExcel" duration-ms="56" started-at="2018-08-13T07:12:59Z" finished-at="2018-08-13T07:12:59Z">
          <reporter-output>
          </reporter-output>
        </test-method> <!-- AddDataToExcel -->
      </class> <!-- Testing.Testing.Testing -->
    </test> <!-- Test -->
  </suite> <!-- Suite -->
</testng-results>
